Using pre-set license
Built from '2020.3/staging' branch; Version is '2020.3.0f1 (c7b5465681fb) revision 13088070'; Using compiler version '192528614'; Build Type 'Release'
OS: 'Windows 10 Enterprise; OS build 19043.1110; Version 2009; 64bit' Language: 'ru' Physical Memory: 65450 MB
BatchMode: 1, IsHumanControllingUs: 0, StartBugReporterOnCrash: 0, Is64bit: 1, IsPro: 0

 COMMAND LINE ARGUMENTS:
C:\Program Files\Unity\Hub\Editor\2020.3.0f1\Editor\Unity.exe
-adb2
-batchMode
-noUpm
-name
AssetImportWorker0
-projectPath
E:/NotForYou/Coding/Unity Projects/Quiz
-logFile
Logs/AssetImportWorker0.log
-srvPort
64151
Successfully changed project path to: E:/NotForYou/Coding/Unity Projects/Quiz
E:/NotForYou/Coding/Unity Projects/Quiz
Using Asset Import Pipeline V2.
Refreshing native plugins compatible for Editor in 27.05 ms, found 1 plugins.
Preloading 0 native plugins for Editor in 0.00 ms.
Initialize engine version: 2020.3.0f1 (c7b5465681fb)
[Subsystems] Discovering subsystems at path C:/Program Files/Unity/Hub/Editor/2020.3.0f1/Editor/Data/Resources/UnitySubsystems
[Subsystems] Discovering subsystems at path E:/NotForYou/Coding/Unity Projects/Quiz/Assets
GfxDevice: creating device client; threaded=0
Direct3D:
    Version:  Direct3D 11.0 [level 11.1]
    Renderer: NVIDIA GeForce RTX 2060 SUPER (ID=0x1f06)
    Vendor:   
    VRAM:     8031 MB
    Driver:   30.0.14.7141
Initialize mono
Mono path[0] = 'C:/Program Files/Unity/Hub/Editor/2020.3.0f1/Editor/Data/Managed'
Mono path[1] = 'C:/Program Files/Unity/Hub/Editor/2020.3.0f1/Editor/Data/MonoBleedingEdge/lib/mono/unityjit'
Mono config path = 'C:/Program Files/Unity/Hub/Editor/2020.3.0f1/Editor/Data/MonoBleedingEdge/etc'
Using monoOptions --debugger-agent=transport=dt_socket,embedding=1,server=y,suspend=n,address=127.0.0.1:56220
Begin MonoManager ReloadAssembly
Registering precompiled unity dll's ...
Register platform support module: C:/Program Files/Unity/Hub/Editor/2020.3.0f1/Editor/Data/PlaybackEngines/WebGLSupport/UnityEditor.WebGL.Extensions.dll
Register platform support module: C:/Program Files/Unity/Hub/Editor/2020.3.0f1/Editor/Data/PlaybackEngines/WindowsStandaloneSupport/UnityEditor.WindowsStandalone.Extensions.dll
Registered in 0.001517 seconds.
Native extension for WindowsStandalone target not found
Native extension for WebGL target not found
Refreshing native plugins compatible for Editor in 26.90 ms, found 1 plugins.
Preloading 0 native plugins for Editor in 0.00 ms.
Invoked RoslynAnalysisRunner static constructor.
RoslynAnalysisRunner will not be running.
RoslynAnalysisRunner has terminated.
Mono: successfully reloaded assembly
- Completed reload, in  0.993 seconds
Platform modules already initialized, skipping
Registering precompiled user dll's ...
Registered in 0.000793 seconds.
Begin MonoManager ReloadAssembly
Native extension for WindowsStandalone target not found
Native extension for WebGL target not found
Refreshing native plugins compatible for Editor in 27.01 ms, found 1 plugins.
Preloading 0 native plugins for Editor in 0.00 ms.
Invoked RoslynAnalysisRunner static constructor.
RoslynAnalysisRunner will not be running.
RoslynAnalysisRunner has terminated.
Mono: successfully reloaded assembly
- Completed reload, in  0.752 seconds
Platform modules already initialized, skipping
========================================================================
Worker process is ready to serve import requests
Launched and connected shader compiler UnityShaderCompiler.exe after 0.03 seconds
Refreshing native plugins compatible for Editor in 0.27 ms, found 1 plugins.
Preloading 0 native plugins for Editor in 0.00 ms.
Unloading 1837 Unused Serialized files (Serialized files now loaded: 0)
System memory in use before: 157.0 MB.
System memory in use after: 157.0 MB.

Unloading 24 unused Assets to reduce memory usage. Loaded Objects now: 2293.
Total: 1.582100 ms (FindLiveObjects: 0.134000 ms CreateObjectMapping: 0.056000 ms MarkObjects: 1.323300 ms  DeleteObjects: 0.068000 ms)

========================================================================
Received Import Request.
  path: Assets/Scripts/Canvas/LevelSystem/ChooseCheckAnswer.cs
  artifactKey: Guid(a9dc96ebf1755444bbe5829b130396d3) Importer(815301076,1909f56bfc062723c751e8b465ee728b)
Start importing Assets/Scripts/Canvas/LevelSystem/ChooseCheckAnswer.cs using Guid(a9dc96ebf1755444bbe5829b130396d3) Importer(815301076,1909f56bfc062723c751e8b465ee728b)  -> (artifact id: '29b1fbae043105b093ae718f42b96b78') in 0.016991 seconds
  Import took 0.019119 seconds .

========================================================================
Received Import Request.
  Time since last request: 65.425754 seconds.
  path: Assets/Scripts/Canvas/LevelSystem/ChooseCheckAnswer.cs
  artifactKey: Guid(a9dc96ebf1755444bbe5829b130396d3) Importer(815301076,1909f56bfc062723c751e8b465ee728b)
Start importing Assets/Scripts/Canvas/LevelSystem/ChooseCheckAnswer.cs using Guid(a9dc96ebf1755444bbe5829b130396d3) Importer(815301076,1909f56bfc062723c751e8b465ee728b)  -> (artifact id: '83b51640b5bb8c52bf0889f7ed8f0751') in 0.001563 seconds
  Import took 0.003797 seconds .

========================================================================
Received Import Request.
  Time since last request: 0.001523 seconds.
  path: Assets/Scripts/Canvas/LevelSystem/ChooseCheckAnswer.cs
  artifactKey: Guid(a9dc96ebf1755444bbe5829b130396d3) Importer(815301076,1909f56bfc062723c751e8b465ee728b)
Start importing Assets/Scripts/Canvas/LevelSystem/ChooseCheckAnswer.cs using Guid(a9dc96ebf1755444bbe5829b130396d3) Importer(815301076,1909f56bfc062723c751e8b465ee728b)  -> (artifact id: '83b51640b5bb8c52bf0889f7ed8f0751') in 0.001479 seconds
  Import took 0.003423 seconds .

========================================================================
Received Import Request.
  Time since last request: 6.988575 seconds.
  path: Assets/Scripts/Canvas/LevelSystem/ChooseCheckAnswer.cs
  artifactKey: Guid(a9dc96ebf1755444bbe5829b130396d3) Importer(815301076,1909f56bfc062723c751e8b465ee728b)
Start importing Assets/Scripts/Canvas/LevelSystem/ChooseCheckAnswer.cs using Guid(a9dc96ebf1755444bbe5829b130396d3) Importer(815301076,1909f56bfc062723c751e8b465ee728b)  -> (artifact id: '0bba3839762f6e3a5d0050995d38fbb2') in 0.001498 seconds
  Import took 0.003565 seconds .

========================================================================
Received Import Request.
  Time since last request: 0.001644 seconds.
  path: Assets/Scripts/Canvas/LevelSystem/ChooseCheckAnswer.cs
  artifactKey: Guid(a9dc96ebf1755444bbe5829b130396d3) Importer(815301076,1909f56bfc062723c751e8b465ee728b)
Start importing Assets/Scripts/Canvas/LevelSystem/ChooseCheckAnswer.cs using Guid(a9dc96ebf1755444bbe5829b130396d3) Importer(815301076,1909f56bfc062723c751e8b465ee728b)  -> (artifact id: '0bba3839762f6e3a5d0050995d38fbb2') in 0.001528 seconds
  Import took 0.003730 seconds .

========================================================================
Received Prepare
Registering precompiled user dll's ...
Registered in 0.000794 seconds.
Begin MonoManager ReloadAssembly
Native extension for WindowsStandalone target not found
Native extension for WebGL target not found
Refreshing native plugins compatible for Editor in 0.27 ms, found 1 plugins.
Preloading 0 native plugins for Editor in 0.00 ms.
Invoked RoslynAnalysisRunner static constructor.
RoslynAnalysisRunner will not be running.
RoslynAnalysisRunner has terminated.
Mono: successfully reloaded assembly
- Completed reload, in  0.676 seconds
Platform modules already initialized, skipping
Refreshing native plugins compatible for Editor in 0.28 ms, found 1 plugins.
Preloading 0 native plugins for Editor in 0.00 ms.
Unloading 1831 Unused Serialized files (Serialized files now loaded: 0)
System memory in use before: 156.9 MB.
System memory in use after: 156.9 MB.

Unloading 13 unused Assets to reduce memory usage. Loaded Objects now: 2297.
Total: 5.132100 ms (FindLiveObjects: 0.491300 ms CreateObjectMapping: 0.248900 ms MarkObjects: 4.199000 ms  DeleteObjects: 0.190000 ms)

========================================================================
Received Prepare
Registering precompiled user dll's ...
Registered in 0.000830 seconds.
Begin MonoManager ReloadAssembly
Native extension for WindowsStandalone target not found
Native extension for WebGL target not found
Refreshing native plugins compatible for Editor in 0.30 ms, found 1 plugins.
Preloading 0 native plugins for Editor in 0.00 ms.
Invoked RoslynAnalysisRunner static constructor.
RoslynAnalysisRunner will not be running.
RoslynAnalysisRunner has terminated.
Mono: successfully reloaded assembly
- Completed reload, in  0.684 seconds
Platform modules already initialized, skipping
Refreshing native plugins compatible for Editor in 0.29 ms, found 1 plugins.
Preloading 0 native plugins for Editor in 0.00 ms.
Unloading 1831 Unused Serialized files (Serialized files now loaded: 0)
System memory in use before: 156.9 MB.
System memory in use after: 157.0 MB.

Unloading 13 unused Assets to reduce memory usage. Loaded Objects now: 2301.
Total: 1.413700 ms (FindLiveObjects: 0.140000 ms CreateObjectMapping: 0.053100 ms MarkObjects: 1.153800 ms  DeleteObjects: 0.066100 ms)

AssetImportWorkerClient::OnTransportError - code=2 error=End of file
